Arguments: 
  /usr/bin/node /usr/share/yarn/bin/yarn.js add node:readline/promises

PATH: 
  /snap/bin:/usr/local/bin:/usr/bin:/bin:/usr/local/games:/usr/games:/snap/bin

Yarn version: 
  1.22.15

Node version: 
  12.22.5

Platform: 
  linux x64

Trace: 
  Error: node:readline%2fpromises: Invalid protocol: node:
      at Request.module.exports.Request.init (/usr/share/yarn/lib/cli.js:141154:31)
      at new Request (/usr/share/yarn/lib/cli.js:140827:8)
      at request (/usr/share/yarn/lib/cli.js:137733:10)
      at RequestManager.execute (/usr/share/yarn/lib/cli.js:67083:15)
      at RequestManager.shiftQueue (/usr/share/yarn/lib/cli.js:67121:10)
      at /usr/share/yarn/lib/cli.js:66790:13
      at new Promise (<anonymous>)
      at new F (/usr/share/yarn/lib/cli.js:5301:28)
      at RequestManager.request (/usr/share/yarn/lib/cli.js:66788:19)
      at NpmRegistry.<anonymous> (/usr/share/yarn/lib/cli.js:31747:42)

npm manifest: 
  {
    "dependencies": {
      "chalk": "^5.0.0"
    }
  }

yarn manifest: 
  No manifest

Lockfile: 
  # THIS IS AN AUTOGENERATED FILE. DO NOT EDIT THIS FILE DIRECTLY.
  # yarn lockfile v1
  
  
  chalk@^5.0.0:
    version "5.0.0"
    resolved "https://registry.yarnpkg.com/chalk/-/chalk-5.0.0.tgz#bd96c6bb8e02b96e08c0c3ee2a9d90e050c7b832"
    integrity sha512-/duVOqst+luxCQRKEo4bNxinsOQtMP80ZYm7mMqzuh5PociNL0PvmHFvREJ9ueYL2TxlHjBcmLCdmocx9Vg+IQ==
